Using pre-set license
Built from '2021.2/release' branch; Version is '2021.2.0f1 (4bf1ec4b23c9) revision 4977132'; Using compiler version '192829333'; Build Type 'Release'
OS: 'Windows 10 Pro; OS build 19045.2604; Version 2009; 64bit' Language: 'en' Physical Memory: 7887 MB
BatchMode: 1, IsHumanControllingUs: 0, StartBugReporterOnCrash: 0, Is64bit: 1, IsPro: 0

COMMAND LINE ARGUMENTS:
C:\Program Files\Unity 2021.2.0f1\Editor\Unity.exe
-adb2
-batchMode
-noUpm
-name
AssetImportWorker0
-projectPath
D:/Find-The-Toy New
-logFile
Logs/AssetImportWorker0.log
-srvPort
50650
Successfully changed project path to: D:/Find-The-Toy New
D:/Find-The-Toy New
[UnityMemory] Configuration Parameters - Can be set up in boot.config
    "memorysetup-bucket-allocator-granularity=16"
    "memorysetup-bucket-allocator-bucket-count=8"
    "memorysetup-bucket-allocator-block-size=33554432"
    "memorysetup-bucket-allocator-block-count=8"
    "memorysetup-main-allocator-block-size=16777216"
    "memorysetup-thread-allocator-block-size=16777216"
    "memorysetup-gfx-main-allocator-block-size=16777216"
    "memorysetup-gfx-thread-allocator-block-size=16777216"
    "memorysetup-cache-allocator-block-size=4194304"
    "memorysetup-typetree-allocator-block-size=2097152"
    "memorysetup-profiler-bucket-allocator-granularity=16"
    "memorysetup-profiler-bucket-allocator-bucket-count=8"
    "memorysetup-profiler-bucket-allocator-block-size=33554432"
    "memorysetup-profiler-bucket-allocator-block-count=8"
    "memorysetup-profiler-allocator-block-size=16777216"
    "memorysetup-profiler-editor-allocator-block-size=1048576"
    "memorysetup-temp-allocator-size-main=16777216"
    "memorysetup-job-temp-allocator-block-size=2097152"
    "memorysetup-job-temp-allocator-block-size-background=1048576"
    "memorysetup-job-temp-allocator-reduction-small-platforms=262144"
    "memorysetup-temp-allocator-size-background-worker=32768"
    "memorysetup-temp-allocator-size-job-worker=262144"
    "memorysetup-temp-allocator-size-preload-manager=33554432"
    "memorysetup-temp-allocator-size-nav-mesh-worker=65536"
    "memorysetup-temp-allocator-size-audio-worker=65536"
    "memorysetup-temp-allocator-size-cloud-worker=32768"
    "memorysetup-temp-allocator-size-gi-baking-worker=262144"
    "memorysetup-temp-allocator-size-gfx=262144"
Refreshing native plugins compatible for Editor in 88.04 ms, found 2 plugins.
Preloading 0 native plugins for Editor in 0.00 ms.
Initialize engine version: 2021.2.0f1 (4bf1ec4b23c9)
[Subsystems] Discovering subsystems at path C:/Program Files/Unity 2021.2.0f1/Editor/Data/Resources/UnitySubsystems
[Subsystems] Discovering subsystems at path D:/Find-The-Toy New/Assets
GfxDevice: creating device client; threaded=0; jobified=0
Direct3D:
    Version:  Direct3D 11.0 [level 11.1]
    Renderer: Intel(R) HD Graphics 5500 (ID=0x1616)
    Vendor:   Intel
    VRAM:     3943 MB
    Driver:   20.19.15.4531
Initialize mono
Mono path[0] = 'C:/Program Files/Unity 2021.2.0f1/Editor/Data/Managed'
Mono path[1] = 'C:/Program Files/Unity 2021.2.0f1/Editor/Data/MonoBleedingEdge/lib/mono/unityjit-win32'
Mono config path = 'C:/Program Files/Unity 2021.2.0f1/Editor/Data/MonoBleedingEdge/etc'
Using monoOptions --debugger-agent=transport=dt_socket,embedding=1,server=y,suspend=n,address=127.0.0.1:56868
Begin MonoManager ReloadAssembly
Registering precompiled unity dll's ...
Register platform support module: C:/Program Files/Unity 2021.2.0f1/Editor/Data/PlaybackEngines/WindowsStandaloneSupport/UnityEditor.WindowsStandalone.Extensions.dll
Registered in 0.008483 seconds.
Native extension for WindowsStandalone target not found
Refreshing native plugins compatible for Editor in 102.77 ms, found 2 plugins.
Preloading 0 native plugins for Editor in 0.00 ms.
Mono: successfully reloaded assembly
- Completed reload, in  1.382 seconds
Domain Reload Profiling:
	ReloadAssembly (1383ms)
		BeginReloadAssembly (189ms)
			ExecutionOrderSort (0ms)
			DisableScriptedObjects (0ms)
			BackupInstance (0ms)
			ReleaseScriptingObjects (0ms)
			CreateAndSetChildDomain (1ms)
		EndReloadAssembly (734ms)
			LoadAssemblies (186ms)
			RebuildTransferFunctionScriptingTraits (0ms)
			SetupTypeCache (207ms)
			ReleaseScriptCaches (0ms)
			RebuildScriptCaches (52ms)
			SetupLoadedEditorAssemblies (382ms)
				LogAssemblyErrors (0ms)
				InitializePlatformSupportModulesInManaged (10ms)
				SetLoadedEditorAssemblies (0ms)
				RefreshPlugins (103ms)
				BeforeProcessingInitializeOnLoad (2ms)
				ProcessInitializeOnLoadAttributes (199ms)
				ProcessInitializeOnLoadMethodAttributes (67ms)
				AfterProcessingInitializeOnLoad (0ms)
				EditorAssembliesLoaded (0ms)
			ExecutionOrderSort2 (0ms)
			AwakeInstancesAfterBackupRestoration (0ms)
Platform modules already initialized, skipping
Registering precompiled user dll's ...
Registered in 0.004123 seconds.
Begin MonoManager ReloadAssembly
Native extension for WindowsStandalone target not found
Refreshing native plugins compatible for Editor in 1.01 ms, found 2 plugins.
Preloading 0 native plugins for Editor in 0.00 ms.
Mono: successfully reloaded assembly
- Completed reload, in  1.827 seconds
Domain Reload Profiling:
	ReloadAssembly (1829ms)
		BeginReloadAssembly (347ms)
			ExecutionOrderSort (0ms)
			DisableScriptedObjects (9ms)
			BackupInstance (0ms)
			ReleaseScriptingObjects (0ms)
			CreateAndSetChildDomain (38ms)
		EndReloadAssembly (1312ms)
			LoadAssemblies (156ms)
			RebuildTransferFunctionScriptingTraits (0ms)
			SetupTypeCache (322ms)
			ReleaseScriptCaches (1ms)
			RebuildScriptCaches (73ms)
			SetupLoadedEditorAssemblies (635ms)
				LogAssemblyErrors (0ms)
				InitializePlatformSupportModulesInManaged (18ms)
				SetLoadedEditorAssemblies (1ms)
				RefreshPlugins (1ms)
				BeforeProcessingInitializeOnLoad (78ms)
				ProcessInitializeOnLoadAttributes (466ms)
				ProcessInitializeOnLoadMethodAttributes (58ms)
				AfterProcessingInitializeOnLoad (14ms)
				EditorAssembliesLoaded (0ms)
			ExecutionOrderSort2 (0ms)
			AwakeInstancesAfterBackupRestoration (11ms)
Platform modules already initialized, skipping
========================================================================
Worker process is ready to serve import requests
Launched and connected shader compiler UnityShaderCompiler.exe after 0.08 seconds
Refreshing native plugins compatible for Editor in 1.50 ms, found 2 plugins.
Preloading 0 native plugins for Editor in 0.00 ms.
Unloading 1792 Unused Serialized files (Serialized files now loaded: 0)
Unloading 49 unused Assets / (6.5 MB). Loaded Objects now: 2245.
Memory consumption went from 111.3 MB to 104.7 MB.
Total: 6.893100 ms (FindLiveObjects: 0.226700 ms CreateObjectMapping: 0.149800 ms MarkObjects: 4.193600 ms  DeleteObjects: 2.320800 ms)

AssetImportParameters requested are different than current active one (requested -> active):
  custom:video-decoder-ogg-theora: a1e56fd34408186e4bbccfd4996cb3dc -> 
  custom:container-muxer-webm: aa71ff27fc2769a1b78a27578f13a17b -> 
  custom:container-demuxer-webm: 4f35f7cbe854078d1ac9338744f61a02 -> 
  custom:video-encoder-webm-vp8: eb34c28f22e8b96e1ab97ce403110664 -> 
  custom:audio-encoder-webm-vorbis: bf7c407c2cedff20999df2af8eb42d56 -> 
  custom:framework-win-MediaFoundation: 216162199b28c13a410421893ffa2e32 -> 
  custom:container-demuxer-ogg: 62fdf1f143b41e24485cea50d1cbac27 -> 
  custom:video-decoder-webm-vp8: 9c59270c3fd7afecdb556c50c9e8de78 -> 
  custom:audio-decoder-ogg-vorbis: bf7c407c2cedff20999df2af8eb42d56 -> 
========================================================================
Received Import Request.
  Time since last request: 5860.725559 seconds.
  path: Assets/My Data/Room/room_2.fbx
  artifactKey: Guid(bf1a281ff3912cb4884f4ca4957e6d39) Importer(815301076,1909f56bfc062723c751e8b465ee728b)
Start importing Assets/My Data/Room/room_2.fbx using Guid(bf1a281ff3912cb4884f4ca4957e6d39) Importer(815301076,1909f56bfc062723c751e8b465ee728b)  -> (artifact id: '248441544e20c56f005a270f5a7f9f48') in 0.726989 seconds 
========================================================================
Received Import Request.
  Time since last request: 10.674101 seconds.
  path: Assets/My Data/Room/Characters_Kids@Picking Up Object.fbx
  artifactKey: Guid(f56de70613b281e4b9b1fd2139024551) Importer(815301076,1909f56bfc062723c751e8b465ee728b)
Start importing Assets/My Data/Room/Characters_Kids@Picking Up Object.fbx using Guid(f56de70613b281e4b9b1fd2139024551) Importer(815301076,1909f56bfc062723c751e8b465ee728b)  -> (artifact id: '80d15ee453985a78576f5dff2ea16540') in 0.075960 seconds 
========================================================================
Received Import Request.
  Time since last request: 132.503874 seconds.
  path: Assets/My Data/Characters_Kids@Idle.fbx
  artifactKey: Guid(e026fcca4e332e84789b3e0017760b49) Importer(815301076,1909f56bfc062723c751e8b465ee728b)
Start importing Assets/My Data/Characters_Kids@Idle.fbx using Guid(e026fcca4e332e84789b3e0017760b49) Importer(815301076,1909f56bfc062723c751e8b465ee728b)  -> (artifact id: '998660173efc673756b7af524a170f8a') in 0.147117 seconds 
========================================================================
Received Import Request.
  Time since last request: 37.986072 seconds.
  path: Assets/My Data/Monster Dara
  artifactKey: Guid(275831f288f22034eb4a96161498edb8) Importer(815301076,1909f56bfc062723c751e8b465ee728b)
Start importing Assets/My Data/Monster Dara using Guid(275831f288f22034eb4a96161498edb8) Importer(815301076,1909f56bfc062723c751e8b465ee728b)  -> (artifact id: 'ed85c1439218182b188ffa064754e7a3') in 0.011066 seconds 
========================================================================
Received Import Request.
  Time since last request: 4.323791 seconds.
  path: Assets/My Data/Monster Data
  artifactKey: Guid(275831f288f22034eb4a96161498edb8) Importer(815301076,1909f56bfc062723c751e8b465ee728b)
Start importing Assets/My Data/Monster Data using Guid(275831f288f22034eb4a96161498edb8) Importer(815301076,1909f56bfc062723c751e8b465ee728b)  -> (artifact id: 'e0af8e2b86e75a2a7e7f928a5fc21a86') in 0.014819 seconds 
========================================================================
Received Import Request.
  Time since last request: 51.790916 seconds.
  path: Assets/My Data/Monster Data/Monster Controller.controller
  artifactKey: Guid(e599962021913744c89f5cb18c99944e) Importer(815301076,1909f56bfc062723c751e8b465ee728b)
Start importing Assets/My Data/Monster Data/Monster Controller.controller using Guid(e599962021913744c89f5cb18c99944e) Importer(815301076,1909f56bfc062723c751e8b465ee728b)  -> (artifact id: 'ad9488301916b865c87707352bb9b703') in 0.037292 seconds 
========================================================================
Received Import Request.
  Time since last request: 101.882875 seconds.
  path: Assets/My Data/Monster Data/Characters_Kids@Idle.fbx
  artifactKey: Guid(e026fcca4e332e84789b3e0017760b49) Importer(815301076,1909f56bfc062723c751e8b465ee728b)
Start importing Assets/My Data/Monster Data/Characters_Kids@Idle.fbx using Guid(e026fcca4e332e84789b3e0017760b49) Importer(815301076,1909f56bfc062723c751e8b465ee728b)  -> (artifact id: '7020c45acf1a922e4be23b457630359f') in 0.077734 seconds 
========================================================================
Received Import Request.
  Time since last request: 3.899871 seconds.
  path: Assets/My Data/Monster Data/Characters_Kids@Picking Up Object.fbx
  artifactKey: Guid(f56de70613b281e4b9b1fd2139024551) Importer(815301076,1909f56bfc062723c751e8b465ee728b)
Start importing Assets/My Data/Monster Data/Characters_Kids@Picking Up Object.fbx using Guid(f56de70613b281e4b9b1fd2139024551) Importer(815301076,1909f56bfc062723c751e8b465ee728b)  -> (artifact id: 'c85c5bf3cbd285dc709f77e1559d2326') in 0.066170 seconds 
========================================================================
Received Import Request.
  Time since last request: 369.054824 seconds.
  path: Assets/Exernal/Epic Toon FX/Prefabs/Combat/Explosions/GasExplosion
  artifactKey: Guid(2e8902972e94424408f06e9bb8fe7a61) Importer(815301076,1909f56bfc062723c751e8b465ee728b)
Start importing Assets/Exernal/Epic Toon FX/Prefabs/Combat/Explosions/GasExplosion using Guid(2e8902972e94424408f06e9bb8fe7a61) Importer(815301076,1909f56bfc062723c751e8b465ee728b)  -> (artifact id: '0472aac361acab489e876cd4abd445e2') in 0.020015 seconds 
========================================================================
Received Import Request.
  Time since last request: 1.581884 seconds.
  path: Assets/Exernal/Epic Toon FX/Prefabs/Combat/Explosions/GasExplosion/GasExplosionBlue.prefab
  artifactKey: Guid(3d9e3e440644d1241849152e3425c62e) Importer(815301076,1909f56bfc062723c751e8b465ee728b)
Start importing Assets/Exernal/Epic Toon FX/Prefabs/Combat/Explosions/GasExplosion/GasExplosionBlue.prefab using Guid(3d9e3e440644d1241849152e3425c62e) Importer(815301076,1909f56bfc062723c751e8b465ee728b)  -> (artifact id: 'f58ddf63b37207a14fc01848034afd6d') in 0.184269 seconds 
========================================================================
Received Import Request.
  Time since last request: 0.000029 seconds.
  path: Assets/Exernal/Epic Toon FX/Materials/Misc/Liquid/splat01_animated_3x3_AB.mat
  artifactKey: Guid(cc14fd052416659478046abf153082a0) Importer(815301076,1909f56bfc062723c751e8b465ee728b)
Start importing Assets/Exernal/Epic Toon FX/Materials/Misc/Liquid/splat01_animated_3x3_AB.mat using Guid(cc14fd052416659478046abf153082a0) Importer(815301076,1909f56bfc062723c751e8b465ee728b)  -> (artifact id: 'ef3cc1d21db23cfc40e573542a0a4869') in 0.086625 seconds 
========================================================================
Received Import Request.
  Time since last request: 8.680764 seconds.
  path: Assets/Exernal/Epic Toon FX/Prefabs/Combat/Explosions/MagicSoftExplosion/MagicSoftExplosionBlue.prefab
  artifactKey: Guid(658fc6655c1c78e45a80243a241f1b1e) Importer(815301076,1909f56bfc062723c751e8b465ee728b)
Start importing Assets/Exernal/Epic Toon FX/Prefabs/Combat/Explosions/MagicSoftExplosion/MagicSoftExplosionBlue.prefab using Guid(658fc6655c1c78e45a80243a241f1b1e) Importer(815301076,1909f56bfc062723c751e8b465ee728b)  -> (artifact id: '22840c3c34184f85e9c3c2e371cc7afd') in 0.084565 seconds 
========================================================================
Received Import Request.
  Time since last request: 0.000028 seconds.
  path: Assets/Exernal/Epic Toon FX/Materials/Misc/Magic/magic_line_ADD.mat
  artifactKey: Guid(c78b5dacb6e1a8343bb1dfe2c4161830) Importer(815301076,1909f56bfc062723c751e8b465ee728b)
Start importing Assets/Exernal/Epic Toon FX/Materials/Misc/Magic/magic_line_ADD.mat using Guid(c78b5dacb6e1a8343bb1dfe2c4161830) Importer(815301076,1909f56bfc062723c751e8b465ee728b)  -> (artifact id: 'cd75cb16877d3af288f6099de0142fb5') in 0.053387 seconds 
========================================================================
Received Import Request.
  Time since last request: 9.413358 seconds.
  path: Assets/Exernal/Epic Toon FX/Prefabs/Combat/Explosions/SoulExplosion/SoulExplosionCrimson.prefab
  artifactKey: Guid(737959db973360b43bdeb1a4874f1af8) Importer(815301076,1909f56bfc062723c751e8b465ee728b)
Start importing Assets/Exernal/Epic Toon FX/Prefabs/Combat/Explosions/SoulExplosion/SoulExplosionCrimson.prefab using Guid(737959db973360b43bdeb1a4874f1af8) Importer(815301076,1909f56bfc062723c751e8b465ee728b)  -> (artifact id: 'bff571c9efdce93276c7b31674819d04') in 0.119892 seconds 
========================================================================
Received Import Request.
  Time since last request: 0.000053 seconds.
  path: Assets/Exernal/Epic Toon FX/Materials/Basics/lightray2_ADD.mat
  artifactKey: Guid(d63774db53e2fee4b84a72da1c9f1096) Importer(815301076,1909f56bfc062723c751e8b465ee728b)
Start importing Assets/Exernal/Epic Toon FX/Materials/Basics/lightray2_ADD.mat using Guid(d63774db53e2fee4b84a72da1c9f1096) Importer(815301076,1909f56bfc062723c751e8b465ee728b)  -> (artifact id: '7ec6de49696b818221b568d8847f2321') in 0.036565 seconds 
========================================================================
Received Import Request.
  Time since last request: 28.631695 seconds.
  path: Assets/Exernal/Epic Toon FX/Prefabs/Combat/Magic/Aura Soft/AuraSoftBlue.prefab
  artifactKey: Guid(6561be0bdcabd634da8ca71c49c14153) Importer(815301076,1909f56bfc062723c751e8b465ee728b)
Start importing Assets/Exernal/Epic Toon FX/Prefabs/Combat/Magic/Aura Soft/AuraSoftBlue.prefab using Guid(6561be0bdcabd634da8ca71c49c14153) Importer(815301076,1909f56bfc062723c751e8b465ee728b)  -> (artifact id: '322939a96f9dac56131e906bb34ff9ea') in 0.090132 seconds 
========================================================================
Received Import Request.
  Time since last request: 13.007305 seconds.
  path: Assets/Exernal/Epic Toon FX/Prefabs/Combat/Magic/Aura Soft/AuraSoftGreen.prefab
  artifactKey: Guid(e1a68788426acc04baef994710608ba7) Importer(815301076,1909f56bfc062723c751e8b465ee728b)
Start importing Assets/Exernal/Epic Toon FX/Prefabs/Combat/Magic/Aura Soft/AuraSoftGreen.prefab using Guid(e1a68788426acc04baef994710608ba7) Importer(815301076,1909f56bfc062723c751e8b465ee728b)  -> (artifact id: '9da8564852f7d8921d718815df2d3b54') in 0.127081 seconds 
========================================================================
Received Import Request.
  Time since last request: 2.870996 seconds.
  path: Assets/Exernal/Epic Toon FX/Prefabs/Combat/Magic/Aura Soft/AuraSoftYellow.prefab
  artifactKey: Guid(12779f4ab4369fa469e2c9090d6d5a47) Importer(815301076,1909f56bfc062723c751e8b465ee728b)
Start importing Assets/Exernal/Epic Toon FX/Prefabs/Combat/Magic/Aura Soft/AuraSoftYellow.prefab using Guid(12779f4ab4369fa469e2c9090d6d5a47) Importer(815301076,1909f56bfc062723c751e8b465ee728b)  -> (artifact id: '431b04aa02a747df81e3a1397320d507') in 0.087507 seconds 
========================================================================
Received Import Request.
  Time since last request: 46.042167 seconds.
  path: Assets/Exernal/Epic Toon FX/Prefabs/Combat/Magic/Aura Soft
  artifactKey: Guid(b1b3ab3ed0bffeb408af9cfe3e1040f0) Importer(815301076,1909f56bfc062723c751e8b465ee728b)
Start importing Assets/Exernal/Epic Toon FX/Prefabs/Combat/Magic/Aura Soft using Guid(b1b3ab3ed0bffeb408af9cfe3e1040f0) Importer(815301076,1909f56bfc062723c751e8b465ee728b)  -> (artifact id: '7f67a08b9d69686b439e622475cb6ab6') in 0.020526 seconds 
========================================================================
Received Import Request.
  Time since last request: 12.844664 seconds.
  path: Assets/Exernal/Epic Toon FX/Prefabs/Combat/Explosions/MegaExplosion/MegaExplosionBlue.prefab
  artifactKey: Guid(00f24abfdf0d75142ad604932304d8c9) Importer(815301076,1909f56bfc062723c751e8b465ee728b)
Start importing Assets/Exernal/Epic Toon FX/Prefabs/Combat/Explosions/MegaExplosion/MegaExplosionBlue.prefab using Guid(00f24abfdf0d75142ad604932304d8c9) Importer(815301076,1909f56bfc062723c751e8b465ee728b)  -> (artifact id: '5b8e2d435a5cd5d91415c0d0549bfdfa') in 0.135543 seconds 
========================================================================
Received Import Request.
  Time since last request: 4.825620 seconds.
  path: Assets/Exernal/Epic Toon FX/Prefabs/Combat/Explosions/MegaExplosion/MegaExplosionGreen.prefab
  artifactKey: Guid(67bdebbb85b13b245b9a81082c88a910) Importer(815301076,1909f56bfc062723c751e8b465ee728b)
Start importing Assets/Exernal/Epic Toon FX/Prefabs/Combat/Explosions/MegaExplosion/MegaExplosionGreen.prefab using Guid(67bdebbb85b13b245b9a81082c88a910) Importer(815301076,1909f56bfc062723c751e8b465ee728b)  -> (artifact id: '4d9c9eaf8d732be1907c5401f8c5da5f') in 0.123999 seconds 
========================================================================
Received Import Request.
  Time since last request: 50.765320 seconds.
  path: Assets/Exernal/Epic Toon FX/Prefabs/Combat/Explosions/LiquidExplosion
  artifactKey: Guid(6921e21566325d143a5799038a775dd4) Importer(815301076,1909f56bfc062723c751e8b465ee728b)
Start importing Assets/Exernal/Epic Toon FX/Prefabs/Combat/Explosions/LiquidExplosion using Guid(6921e21566325d143a5799038a775dd4) Importer(815301076,1909f56bfc062723c751e8b465ee728b)  -> (artifact id: '1fb5f2a3478591b28d693230bca6ca1e') in 0.018705 seconds 
========================================================================
Received Import Request.
  Time since last request: 1.902315 seconds.
  path: Assets/Exernal/Epic Toon FX/Prefabs/Combat/Explosions/LiquidExplosion/LiquidExplosionAcid.prefab
  artifactKey: Guid(eb8eb977f3a1f0341ac06e638d078a1c) Importer(815301076,1909f56bfc062723c751e8b465ee728b)
Start importing Assets/Exernal/Epic Toon FX/Prefabs/Combat/Explosions/LiquidExplosion/LiquidExplosionAcid.prefab using Guid(eb8eb977f3a1f0341ac06e638d078a1c) Importer(815301076,1909f56bfc062723c751e8b465ee728b)  -> (artifact id: '7aab2c19940cf5a7465d604f36abd369') in 0.156936 seconds 
========================================================================
Received Import Request.
  Time since last request: 0.000033 seconds.
  path: Assets/Exernal/Epic Toon FX/Materials/Basics/glow1_ADD.mat
  artifactKey: Guid(e653836c30661fe419b8992e230ca189) Importer(815301076,1909f56bfc062723c751e8b465ee728b)
Start importing Assets/Exernal/Epic Toon FX/Materials/Basics/glow1_ADD.mat using Guid(e653836c30661fe419b8992e230ca189) Importer(815301076,1909f56bfc062723c751e8b465ee728b)  -> (artifact id: 'f5f8fde11b155b77a74ccae3eddcb5cd') in 0.043816 seconds 
========================================================================
Received Import Request.
  Time since last request: 6.174689 seconds.
  path: Assets/Exernal/Epic Toon FX/Prefabs/Combat/Explosions/LiquidExplosion/LiquidExplosionLava.prefab
  artifactKey: Guid(a13e3c30b47e7aa43a1da0b89a1ef53e) Importer(815301076,1909f56bfc062723c751e8b465ee728b)
Start importing Assets/Exernal/Epic Toon FX/Prefabs/Combat/Explosions/LiquidExplosion/LiquidExplosionLava.prefab using Guid(a13e3c30b47e7aa43a1da0b89a1ef53e) Importer(815301076,1909f56bfc062723c751e8b465ee728b)  -> (artifact id: '32259ff2ca1afdb80e553973345d3af2') in 0.094801 seconds 
========================================================================
Received Prepare
Registering precompiled user dll's ...
Registered in 0.004490 seconds.
Begin MonoManager ReloadAssembly
Native extension for WindowsStandalone target not found
Refreshing native plugins compatible for Editor in 2.17 ms, found 2 plugins.
Preloading 0 native plugins for Editor in 0.00 ms.
Mono: successfully reloaded assembly
- Completed reload, in  3.756 seconds
Domain Reload Profiling:
	ReloadAssembly (3758ms)
		BeginReloadAssembly (286ms)
			ExecutionOrderSort (0ms)
			DisableScriptedObjects (7ms)
			BackupInstance (0ms)
			ReleaseScriptingObjects (0ms)
			CreateAndSetChildDomain (95ms)
		EndReloadAssembly (3281ms)
			LoadAssemblies (145ms)
			RebuildTransferFunctionScriptingTraits (0ms)
			SetupTypeCache (464ms)
			ReleaseScriptCaches (2ms)
			RebuildScriptCaches (229ms)
			SetupLoadedEditorAssemblies (1547ms)
				LogAssemblyErrors (0ms)
				InitializePlatformSupportModulesInManaged (31ms)
				SetLoadedEditorAssemblies (1ms)
				RefreshPlugins (2ms)
				BeforeProcessingInitializeOnLoad (81ms)
				ProcessInitializeOnLoadAttributes (1283ms)
				ProcessInitializeOnLoadMethodAttributes (109ms)
				AfterProcessingInitializeOnLoad (40ms)
				EditorAssembliesLoaded (0ms)
			ExecutionOrderSort2 (0ms)
			AwakeInstancesAfterBackupRestoration (29ms)
Platform modules already initialized, skipping
Switching build target platform(19) subTarget(0) extendedPlatform(0) -> platform(13) subTarget(0) extendedPlatform(0)
Refreshing native plugins compatible for Editor in 1.90 ms, found 2 plugins.
Preloading 0 native plugins for Editor in 0.00 ms.
Unloading 1752 Unused Serialized files (Serialized files now loaded: 0)
Unloading 32 unused Assets / (6.5 MB). Loaded Objects now: 2306.
Memory consumption went from 111.9 MB to 105.4 MB.
Total: 6.076800 ms (FindLiveObjects: 0.256200 ms CreateObjectMapping: 0.168700 ms MarkObjects: 3.455800 ms  DeleteObjects: 2.194400 ms)

AssetImportParameters requested are different than current active one (requested -> active):
  custom:video-decoder-ogg-theora: a1e56fd34408186e4bbccfd4996cb3dc -> 
  custom:container-muxer-webm: aa71ff27fc2769a1b78a27578f13a17b -> 
  custom:container-demuxer-webm: 4f35f7cbe854078d1ac9338744f61a02 -> 
  custom:video-encoder-webm-vp8: eb34c28f22e8b96e1ab97ce403110664 -> 
  custom:audio-encoder-webm-vorbis: bf7c407c2cedff20999df2af8eb42d56 -> 
  custom:framework-win-MediaFoundation: 216162199b28c13a410421893ffa2e32 -> 
  custom:container-demuxer-ogg: 62fdf1f143b41e24485cea50d1cbac27 -> 
  custom:video-decoder-webm-vp8: 9c59270c3fd7afecdb556c50c9e8de78 -> 
  custom:audio-decoder-ogg-vorbis: bf7c407c2cedff20999df2af8eb42d56 -> 
========================================================================
Received Prepare
Registering precompiled user dll's ...
Registered in 0.004088 seconds.
Begin MonoManager ReloadAssembly
Native extension for WindowsStandalone target not found
Refreshing native plugins compatible for Editor in 1.91 ms, found 2 plugins.
Preloading 0 native plugins for Editor in 0.00 ms.
Mono: successfully reloaded assembly
- Completed reload, in  3.232 seconds
Domain Reload Profiling:
	ReloadAssembly (3234ms)
		BeginReloadAssembly (257ms)
			ExecutionOrderSort (0ms)
			DisableScriptedObjects (12ms)
			BackupInstance (0ms)
			ReleaseScriptingObjects (0ms)
			CreateAndSetChildDomain (66ms)
		EndReloadAssembly (2773ms)
			LoadAssemblies (159ms)
			RebuildTransferFunctionScriptingTraits (0ms)
			SetupTypeCache (411ms)
			ReleaseScriptCaches (2ms)
			RebuildScriptCaches (288ms)
			SetupLoadedEditorAssemblies (672ms)
				LogAssemblyErrors (0ms)
				InitializePlatformSupportModulesInManaged (20ms)
				SetLoadedEditorAssemblies (1ms)
				RefreshPlugins (2ms)
				BeforeProcessingInitializeOnLoad (82ms)
				ProcessInitializeOnLoadAttributes (507ms)
				ProcessInitializeOnLoadMethodAttributes (50ms)
				AfterProcessingInitializeOnLoad (10ms)
				EditorAssembliesLoaded (0ms)
			ExecutionOrderSort2 (0ms)
			AwakeInstancesAfterBackupRestoration (8ms)
Platform modules already initialized, skipping
Switching build target platform(19) subTarget(0) extendedPlatform(0) -> platform(13) subTarget(0) extendedPlatform(0)
Refreshing native plugins compatible for Editor in 3.10 ms, found 2 plugins.
Preloading 0 native plugins for Editor in 0.00 ms.
Unloading 1751 Unused Serialized files (Serialized files now loaded: 0)
Unloading 32 unused Assets / (6.5 MB). Loaded Objects now: 2321.
Memory consumption went from 111.9 MB to 105.4 MB.
Total: 9.561200 ms (FindLiveObjects: 0.343300 ms CreateObjectMapping: 0.258400 ms MarkObjects: 4.304500 ms  DeleteObjects: 4.652000 ms)

AssetImportParameters requested are different than current active one (requested -> active):
  custom:video-decoder-ogg-theora: a1e56fd34408186e4bbccfd4996cb3dc -> 
  custom:container-muxer-webm: aa71ff27fc2769a1b78a27578f13a17b -> 
  custom:container-demuxer-webm: 4f35f7cbe854078d1ac9338744f61a02 -> 
  custom:video-encoder-webm-vp8: eb34c28f22e8b96e1ab97ce403110664 -> 
  custom:audio-encoder-webm-vorbis: bf7c407c2cedff20999df2af8eb42d56 -> 
  custom:framework-win-MediaFoundation: 216162199b28c13a410421893ffa2e32 -> 
  custom:container-demuxer-ogg: 62fdf1f143b41e24485cea50d1cbac27 -> 
  custom:video-decoder-webm-vp8: 9c59270c3fd7afecdb556c50c9e8de78 -> 
  custom:audio-decoder-ogg-vorbis: bf7c407c2cedff20999df2af8eb42d56 -> 
========================================================================
Received Prepare
Registering precompiled user dll's ...
Registered in 0.004131 seconds.
Begin MonoManager ReloadAssembly
Native extension for WindowsStandalone target not found
Refreshing native plugins compatible for Editor in 7.19 ms, found 2 plugins.
Preloading 0 native plugins for Editor in 0.00 ms.
Mono: successfully reloaded assembly
- Completed reload, in  4.014 seconds
Domain Reload Profiling:
	ReloadAssembly (4015ms)
		BeginReloadAssembly (234ms)
			ExecutionOrderSort (0ms)
			DisableScriptedObjects (7ms)
			BackupInstance (0ms)
			ReleaseScriptingObjects (0ms)
			CreateAndSetChildDomain (56ms)
		EndReloadAssembly (3561ms)
			LoadAssemblies (148ms)
			RebuildTransferFunctionScriptingTraits (0ms)
			SetupTypeCache (372ms)
			ReleaseScriptCaches (1ms)
			RebuildScriptCaches (75ms)
			SetupLoadedEditorAssemblies (2680ms)
				LogAssemblyErrors (0ms)
				InitializePlatformSupportModulesInManaged (53ms)
				SetLoadedEditorAssemblies (5ms)
				RefreshPlugins (8ms)
				BeforeProcessingInitializeOnLoad (530ms)
				ProcessInitializeOnLoadAttributes (2027ms)
				ProcessInitializeOnLoadMethodAttributes (39ms)
				AfterProcessingInitializeOnLoad (16ms)
				EditorAssembliesLoaded (0ms)
			ExecutionOrderSort2 (0ms)
			AwakeInstancesAfterBackupRestoration (9ms)
Platform modules already initialized, skipping
Switching build target platform(19) subTarget(0) extendedPlatform(0) -> platform(13) subTarget(0) extendedPlatform(0)
Refreshing native plugins compatible for Editor in 9.02 ms, found 2 plugins.
Preloading 0 native plugins for Editor in 0.00 ms.
Unloading 1751 Unused Serialized files (Serialized files now loaded: 0)
Unloading 32 unused Assets / (6.5 MB). Loaded Objects now: 2336.
Memory consumption went from 111.9 MB to 105.4 MB.
Total: 26.543200 ms (FindLiveObjects: 0.660900 ms CreateObjectMapping: 0.426700 ms MarkObjects: 16.216200 ms  DeleteObjects: 9.236900 ms)

AssetImportParameters requested are different than current active one (requested -> active):
  custom:video-decoder-ogg-theora: a1e56fd34408186e4bbccfd4996cb3dc -> 
  custom:container-muxer-webm: aa71ff27fc2769a1b78a27578f13a17b -> 
  custom:container-demuxer-webm: 4f35f7cbe854078d1ac9338744f61a02 -> 
  custom:video-encoder-webm-vp8: eb34c28f22e8b96e1ab97ce403110664 -> 
  custom:audio-encoder-webm-vorbis: bf7c407c2cedff20999df2af8eb42d56 -> 
  custom:framework-win-MediaFoundation: 216162199b28c13a410421893ffa2e32 -> 
  custom:container-demuxer-ogg: 62fdf1f143b41e24485cea50d1cbac27 -> 
  custom:video-decoder-webm-vp8: 9c59270c3fd7afecdb556c50c9e8de78 -> 
  custom:audio-decoder-ogg-vorbis: bf7c407c2cedff20999df2af8eb42d56 -> 
========================================================================
Received Prepare
Registering precompiled user dll's ...
Registered in 0.004159 seconds.
Begin MonoManager ReloadAssembly
Native extension for WindowsStandalone target not found
Refreshing native plugins compatible for Editor in 2.75 ms, found 2 plugins.
Preloading 0 native plugins for Editor in 0.00 ms.
Mono: successfully reloaded assembly
- Completed reload, in  2.654 seconds
Domain Reload Profiling:
	ReloadAssembly (2656ms)
		BeginReloadAssembly (237ms)
			ExecutionOrderSort (0ms)
			DisableScriptedObjects (14ms)
			BackupInstance (0ms)
			ReleaseScriptingObjects (0ms)
			CreateAndSetChildDomain (67ms)
		EndReloadAssembly (2237ms)
			LoadAssemblies (143ms)
			RebuildTransferFunctionScriptingTraits (0ms)
			SetupTypeCache (435ms)
			ReleaseScriptCaches (2ms)
			RebuildScriptCaches (97ms)
			SetupLoadedEditorAssemblies (924ms)
				LogAssemblyErrors (0ms)
				InitializePlatformSupportModulesInManaged (87ms)
				SetLoadedEditorAssemblies (1ms)
				RefreshPlugins (3ms)
				BeforeProcessingInitializeOnLoad (104ms)
				ProcessInitializeOnLoadAttributes (615ms)
				ProcessInitializeOnLoadMethodAttributes (99ms)
				AfterProcessingInitializeOnLoad (15ms)
				EditorAssembliesLoaded (1ms)
			ExecutionOrderSort2 (0ms)
			AwakeInstancesAfterBackupRestoration (39ms)
Platform modules already initialized, skipping
Switching build target platform(19) subTarget(0) extendedPlatform(0) -> platform(13) subTarget(0) extendedPlatform(0)
Refreshing native plugins compatible for Editor in 2.81 ms, found 2 plugins.
Preloading 0 native plugins for Editor in 0.00 ms.
Unloading 1751 Unused Serialized files (Serialized files now loaded: 0)
Unloading 32 unused Assets / (6.5 MB). Loaded Objects now: 2351.
Memory consumption went from 111.9 MB to 105.4 MB.
Total: 14.652700 ms (FindLiveObjects: 0.459700 ms CreateObjectMapping: 0.418700 ms MarkObjects: 11.106600 ms  DeleteObjects: 2.665600 ms)

AssetImportParameters requested are different than current active one (requested -> active):
  custom:video-decoder-ogg-theora: a1e56fd34408186e4bbccfd4996cb3dc -> 
  custom:container-muxer-webm: aa71ff27fc2769a1b78a27578f13a17b -> 
  custom:container-demuxer-webm: 4f35f7cbe854078d1ac9338744f61a02 -> 
  custom:video-encoder-webm-vp8: eb34c28f22e8b96e1ab97ce403110664 -> 
  custom:audio-encoder-webm-vorbis: bf7c407c2cedff20999df2af8eb42d56 -> 
  custom:framework-win-MediaFoundation: 216162199b28c13a410421893ffa2e32 -> 
  custom:container-demuxer-ogg: 62fdf1f143b41e24485cea50d1cbac27 -> 
  custom:video-decoder-webm-vp8: 9c59270c3fd7afecdb556c50c9e8de78 -> 
  custom:audio-decoder-ogg-vorbis: bf7c407c2cedff20999df2af8eb42d56 -> 
========================================================================
Received Prepare
Registering precompiled user dll's ...
Registered in 0.006552 seconds.
Begin MonoManager ReloadAssembly
Native extension for WindowsStandalone target not found
Refreshing native plugins compatible for Editor in 1.70 ms, found 2 plugins.
Preloading 0 native plugins for Editor in 0.00 ms.
Mono: successfully reloaded assembly
- Completed reload, in  2.875 seconds
Domain Reload Profiling:
	ReloadAssembly (2876ms)
		BeginReloadAssembly (215ms)
			ExecutionOrderSort (0ms)
			DisableScriptedObjects (14ms)
			BackupInstance (0ms)
			ReleaseScriptingObjects (0ms)
			CreateAndSetChildDomain (47ms)
		EndReloadAssembly (2445ms)
			LoadAssemblies (140ms)
			RebuildTransferFunctionScriptingTraits (0ms)
			SetupTypeCache (391ms)
			ReleaseScriptCaches (1ms)
			RebuildScriptCaches (102ms)
			SetupLoadedEditorAssemblies (785ms)
				LogAssemblyErrors (0ms)
				InitializePlatformSupportModulesInManaged (19ms)
				SetLoadedEditorAssemblies (1ms)
				RefreshPlugins (2ms)
				BeforeProcessingInitializeOnLoad (82ms)
				ProcessInitializeOnLoadAttributes (523ms)
				ProcessInitializeOnLoadMethodAttributes (108ms)
				AfterProcessingInitializeOnLoad (48ms)
				EditorAssembliesLoaded (1ms)
			ExecutionOrderSort2 (0ms)
			AwakeInstancesAfterBackupRestoration (52ms)
Platform modules already initialized, skipping
Switching build target platform(19) subTarget(0) extendedPlatform(0) -> platform(13) subTarget(0) extendedPlatform(0)
Refreshing native plugins compatible for Editor in 2.85 ms, found 2 plugins.
Preloading 0 native plugins for Editor in 0.00 ms.
Unloading 1751 Unused Serialized files (Serialized files now loaded: 0)
Unloading 32 unused Assets / (6.5 MB). Loaded Objects now: 2366.
Memory consumption went from 111.9 MB to 105.5 MB.
Total: 15.450300 ms (FindLiveObjects: 0.644900 ms CreateObjectMapping: 1.983600 ms MarkObjects: 8.569500 ms  DeleteObjects: 4.250400 ms)

AssetImportParameters requested are different than current active one (requested -> active):
  custom:video-decoder-ogg-theora: a1e56fd34408186e4bbccfd4996cb3dc -> 
  custom:container-muxer-webm: aa71ff27fc2769a1b78a27578f13a17b -> 
  custom:container-demuxer-webm: 4f35f7cbe854078d1ac9338744f61a02 -> 
  custom:video-encoder-webm-vp8: eb34c28f22e8b96e1ab97ce403110664 -> 
  custom:audio-encoder-webm-vorbis: bf7c407c2cedff20999df2af8eb42d56 -> 
  custom:framework-win-MediaFoundation: 216162199b28c13a410421893ffa2e32 -> 
  custom:container-demuxer-ogg: 62fdf1f143b41e24485cea50d1cbac27 -> 
  custom:video-decoder-webm-vp8: 9c59270c3fd7afecdb556c50c9e8de78 -> 
  custom:audio-decoder-ogg-vorbis: bf7c407c2cedff20999df2af8eb42d56 -> 
========================================================================
Received Import Request.
  Time since last request: 974.013392 seconds.
  path: Assets/My Data/Monster Data/Characters_Kids@Throw.fbx
  artifactKey: Guid(50c4df472380cde41a357e5b3e662a23) Importer(815301076,1909f56bfc062723c751e8b465ee728b)
Start importing Assets/My Data/Monster Data/Characters_Kids@Throw.fbx using Guid(50c4df472380cde41a357e5b3e662a23) Importer(815301076,1909f56bfc062723c751e8b465ee728b)  -> (artifact id: 'f1013153e7885c1228bc29db9ed74011') in 0.231916 seconds 
========================================================================
Received Import Request.
  Time since last request: 3.603687 seconds.
  path: Assets/My Data/Monster Data/Characters_Kids@Throw.fbx
  artifactKey: Guid(50c4df472380cde41a357e5b3e662a23) Importer(815301076,1909f56bfc062723c751e8b465ee728b)
Start importing Assets/My Data/Monster Data/Characters_Kids@Throw.fbx using Guid(50c4df472380cde41a357e5b3e662a23) Importer(815301076,1909f56bfc062723c751e8b465ee728b)  -> (artifact id: '448d01be84457068bc300857d8776f47') in 0.146389 seconds 
========================================================================
Received Prepare
Registering precompiled user dll's ...
Registered in 0.009116 seconds.
Begin MonoManager ReloadAssembly
Native extension for WindowsStandalone target not found
Refreshing native plugins compatible for Editor in 1.91 ms, found 4 plugins.
Preloading 0 native plugins for Editor in 0.00 ms.
Mono: successfully reloaded assembly
- Completed reload, in  2.303 seconds
Domain Reload Profiling:
	ReloadAssembly (2304ms)
		BeginReloadAssembly (370ms)
			ExecutionOrderSort (0ms)
			DisableScriptedObjects (12ms)
			BackupInstance (0ms)
			ReleaseScriptingObjects (2ms)
			CreateAndSetChildDomain (57ms)
		EndReloadAssembly (1715ms)
			LoadAssemblies (281ms)
			RebuildTransferFunctionScriptingTraits (0ms)
			SetupTypeCache (370ms)
			ReleaseScriptCaches (2ms)
			RebuildScriptCaches (125ms)
			SetupLoadedEditorAssemblies (768ms)
				LogAssemblyErrors (0ms)
				InitializePlatformSupportModulesInManaged (21ms)
				SetLoadedEditorAssemblies (1ms)
				RefreshPlugins (2ms)
				BeforeProcessingInitializeOnLoad (86ms)
				ProcessInitializeOnLoadAttributes (573ms)
				ProcessInitializeOnLoadMethodAttributes (67ms)
				AfterProcessingInitializeOnLoad (17ms)
				EditorAssembliesLoaded (1ms)
			ExecutionOrderSort2 (0ms)
			AwakeInstancesAfterBackupRestoration (17ms)
Platform modules already initialized, skipping
Switching build target platform(19) subTarget(0) extendedPlatform(0) -> platform(13) subTarget(0) extendedPlatform(0)
Refreshing native plugins compatible for Editor in 1.94 ms, found 4 plugins.
Preloading 0 native plugins for Editor in 0.00 ms.
Unloading 1892 Unused Serialized files (Serialized files now loaded: 0)
Unloading 42 unused Assets / (6.7 MB). Loaded Objects now: 2512.
Memory consumption went from 116.6 MB to 109.9 MB.
Total: 6.972600 ms (FindLiveObjects: 0.254400 ms CreateObjectMapping: 0.179700 ms MarkObjects: 3.974300 ms  DeleteObjects: 2.562300 ms)

AssetImportParameters requested are different than current active one (requested -> active):
  custom:video-decoder-ogg-theora: a1e56fd34408186e4bbccfd4996cb3dc -> 
  custom:container-muxer-webm: aa71ff27fc2769a1b78a27578f13a17b -> 
  custom:container-demuxer-webm: 4f35f7cbe854078d1ac9338744f61a02 -> 
  custom:video-encoder-webm-vp8: eb34c28f22e8b96e1ab97ce403110664 -> 
  custom:audio-encoder-webm-vorbis: bf7c407c2cedff20999df2af8eb42d56 -> 
  custom:framework-win-MediaFoundation: 216162199b28c13a410421893ffa2e32 -> 
  custom:container-demuxer-ogg: 62fdf1f143b41e24485cea50d1cbac27 -> 
  custom:video-decoder-webm-vp8: 9c59270c3fd7afecdb556c50c9e8de78 -> 
  custom:audio-decoder-ogg-vorbis: bf7c407c2cedff20999df2af8eb42d56 -> 
========================================================================
Received Prepare
Registering precompiled user dll's ...
Registered in 0.010944 seconds.
Begin MonoManager ReloadAssembly
Native extension for WindowsStandalone target not found
Refreshing native plugins compatible for Editor in 1.17 ms, found 4 plugins.
Preloading 0 native plugins for Editor in 0.00 ms.
Mono: successfully reloaded assembly
- Completed reload, in  2.183 seconds
Domain Reload Profiling:
	ReloadAssembly (2184ms)
		BeginReloadAssembly (240ms)
			ExecutionOrderSort (0ms)
			DisableScriptedObjects (10ms)
			BackupInstance (0ms)
			ReleaseScriptingObjects (0ms)
			CreateAndSetChildDomain (54ms)
		EndReloadAssembly (1735ms)
			LoadAssemblies (163ms)
			RebuildTransferFunctionScriptingTraits (0ms)
			SetupTypeCache (430ms)
			ReleaseScriptCaches (2ms)
			RebuildScriptCaches (221ms)
			SetupLoadedEditorAssemblies (700ms)
				LogAssemblyErrors (0ms)
				InitializePlatformSupportModulesInManaged (20ms)
				SetLoadedEditorAssemblies (1ms)
				RefreshPlugins (1ms)
				BeforeProcessingInitializeOnLoad (102ms)
				ProcessInitializeOnLoadAttributes (529ms)
				ProcessInitializeOnLoadMethodAttributes (37ms)
				AfterProcessingInitializeOnLoad (10ms)
				EditorAssembliesLoaded (0ms)
			ExecutionOrderSort2 (0ms)
			AwakeInstancesAfterBackupRestoration (9ms)
Platform modules already initialized, skipping
Switching build target platform(19) subTarget(0) extendedPlatform(0) -> platform(13) subTarget(0) extendedPlatform(0)
Refreshing native plugins compatible for Editor in 1.83 ms, found 4 plugins.
Preloading 0 native plugins for Editor in 0.00 ms.
Unloading 1892 Unused Serialized files (Serialized files now loaded: 0)
Unloading 42 unused Assets / (6.7 MB). Loaded Objects now: 2527.
Memory consumption went from 116.6 MB to 109.9 MB.
Total: 6.333500 ms (FindLiveObjects: 0.254000 ms CreateObjectMapping: 0.172000 ms MarkObjects: 3.435500 ms  DeleteObjects: 2.470300 ms)

AssetImportParameters requested are different than current active one (requested -> active):
  custom:video-decoder-ogg-theora: a1e56fd34408186e4bbccfd4996cb3dc -> 
  custom:container-muxer-webm: aa71ff27fc2769a1b78a27578f13a17b -> 
  custom:container-demuxer-webm: 4f35f7cbe854078d1ac9338744f61a02 -> 
  custom:video-encoder-webm-vp8: eb34c28f22e8b96e1ab97ce403110664 -> 
  custom:audio-encoder-webm-vorbis: bf7c407c2cedff20999df2af8eb42d56 -> 
  custom:framework-win-MediaFoundation: 216162199b28c13a410421893ffa2e32 -> 
  custom:container-demuxer-ogg: 62fdf1f143b41e24485cea50d1cbac27 -> 
  custom:video-decoder-webm-vp8: 9c59270c3fd7afecdb556c50c9e8de78 -> 
  custom:audio-decoder-ogg-vorbis: bf7c407c2cedff20999df2af8eb42d56 -> 
========================================================================
Received Prepare
Registering precompiled user dll's ...
Registered in 0.005830 seconds.
Begin MonoManager ReloadAssembly
Native extension for WindowsStandalone target not found
Refreshing native plugins compatible for Editor in 2.58 ms, found 4 plugins.
Preloading 0 native plugins for Editor in 0.00 ms.
Mono: successfully reloaded assembly
- Completed reload, in  7.937 seconds
Domain Reload Profiling:
	ReloadAssembly (7938ms)
		BeginReloadAssembly (244ms)
			ExecutionOrderSort (0ms)
			DisableScriptedObjects (9ms)
			BackupInstance (0ms)
			ReleaseScriptingObjects (0ms)
			CreateAndSetChildDomain (64ms)
		EndReloadAssembly (7473ms)
			LoadAssemblies (148ms)
			RebuildTransferFunctionScriptingTraits (0ms)
			SetupTypeCache (443ms)
			ReleaseScriptCaches (2ms)
			RebuildScriptCaches (128ms)
			SetupLoadedEditorAssemblies (6287ms)
				LogAssemblyErrors (0ms)
				InitializePlatformSupportModulesInManaged (48ms)
				SetLoadedEditorAssemblies (1ms)
				RefreshPlugins (3ms)
				BeforeProcessingInitializeOnLoad (168ms)
				ProcessInitializeOnLoadAttributes (5499ms)
				ProcessInitializeOnLoadMethodAttributes (545ms)
				AfterProcessingInitializeOnLoad (23ms)
				EditorAssembliesLoaded (0ms)
			ExecutionOrderSort2 (0ms)
			AwakeInstancesAfterBackupRestoration (21ms)
Platform modules already initialized, skipping
Switching build target platform(19) subTarget(0) extendedPlatform(0) -> platform(13) subTarget(0) extendedPlatform(0)
Refreshing native plugins compatible for Editor in 2.09 ms, found 4 plugins.
Preloading 0 native plugins for Editor in 0.00 ms.
Unloading 1892 Unused Serialized files (Serialized files now loaded: 0)
Unloading 42 unused Assets / (6.7 MB). Loaded Objects now: 2542.
Memory consumption went from 116.6 MB to 109.9 MB.
Total: 8.863000 ms (FindLiveObjects: 0.315400 ms CreateObjectMapping: 0.185100 ms MarkObjects: 4.727900 ms  DeleteObjects: 3.631200 ms)

AssetImportParameters requested are different than current active one (requested -> active):
  custom:video-decoder-ogg-theora: a1e56fd34408186e4bbccfd4996cb3dc -> 
  custom:container-muxer-webm: aa71ff27fc2769a1b78a27578f13a17b -> 
  custom:container-demuxer-webm: 4f35f7cbe854078d1ac9338744f61a02 -> 
  custom:video-encoder-webm-vp8: eb34c28f22e8b96e1ab97ce403110664 -> 
  custom:audio-encoder-webm-vorbis: bf7c407c2cedff20999df2af8eb42d56 -> 
  custom:framework-win-MediaFoundation: 216162199b28c13a410421893ffa2e32 -> 
  custom:container-demuxer-ogg: 62fdf1f143b41e24485cea50d1cbac27 -> 
  custom:video-decoder-webm-vp8: 9c59270c3fd7afecdb556c50c9e8de78 -> 
  custom:audio-decoder-ogg-vorbis: bf7c407c2cedff20999df2af8eb42d56 -> 
========================================================================
Received Prepare
Registering precompiled user dll's ...
Registered in 0.006253 seconds.
Begin MonoManager ReloadAssembly
Native extension for WindowsStandalone target not found
Refreshing native plugins compatible for Editor in 14.28 ms, found 4 plugins.
Preloading 0 native plugins for Editor in 0.00 ms.
Mono: successfully reloaded assembly
- Completed reload, in  7.860 seconds
Domain Reload Profiling:
	ReloadAssembly (7861ms)
		BeginReloadAssembly (227ms)
			ExecutionOrderSort (0ms)
			DisableScriptedObjects (7ms)
			BackupInstance (0ms)
			ReleaseScriptingObjects (0ms)
			CreateAndSetChildDomain (56ms)
		EndReloadAssembly (7443ms)
			LoadAssemblies (157ms)
			RebuildTransferFunctionScriptingTraits (0ms)
			SetupTypeCache (463ms)
			ReleaseScriptCaches (2ms)
			RebuildScriptCaches (191ms)
			SetupLoadedEditorAssemblies (4395ms)
				LogAssemblyErrors (0ms)
				InitializePlatformSupportModulesInManaged (149ms)
				SetLoadedEditorAssemblies (6ms)
				RefreshPlugins (14ms)
				BeforeProcessingInitializeOnLoad (444ms)
				ProcessInitializeOnLoadAttributes (3466ms)
				ProcessInitializeOnLoadMethodAttributes (273ms)
				AfterProcessingInitializeOnLoad (42ms)
				EditorAssembliesLoaded (1ms)
			ExecutionOrderSort2 (0ms)
			AwakeInstancesAfterBackupRestoration (50ms)
Platform modules already initialized, skipping
Switching build target platform(19) subTarget(0) extendedPlatform(0) -> platform(13) subTarget(0) extendedPlatform(0)
Refreshing native plugins compatible for Editor in 2.00 ms, found 4 plugins.
Preloading 0 native plugins for Editor in 0.00 ms.
Unloading 1892 Unused Serialized files (Serialized files now loaded: 0)
Unloading 42 unused Assets / (6.7 MB). Loaded Objects now: 2557.
Memory consumption went from 116.7 MB to 109.9 MB.
Total: 7.047700 ms (FindLiveObjects: 0.253900 ms CreateObjectMapping: 0.168700 ms MarkObjects: 3.729200 ms  DeleteObjects: 2.894600 ms)

AssetImportParameters requested are different than current active one (requested -> active):
  custom:video-decoder-ogg-theora: a1e56fd34408186e4bbccfd4996cb3dc -> 
  custom:container-muxer-webm: aa71ff27fc2769a1b78a27578f13a17b -> 
  custom:container-demuxer-webm: 4f35f7cbe854078d1ac9338744f61a02 -> 
  custom:video-encoder-webm-vp8: eb34c28f22e8b96e1ab97ce403110664 -> 
  custom:audio-encoder-webm-vorbis: bf7c407c2cedff20999df2af8eb42d56 -> 
  custom:framework-win-MediaFoundation: 216162199b28c13a410421893ffa2e32 -> 
  custom:container-demuxer-ogg: 62fdf1f143b41e24485cea50d1cbac27 -> 
  custom:video-decoder-webm-vp8: 9c59270c3fd7afecdb556c50c9e8de78 -> 
  custom:audio-decoder-ogg-vorbis: bf7c407c2cedff20999df2af8eb42d56 -> 
========================================================================
Received Prepare
Registering precompiled user dll's ...
Registered in 0.004448 seconds.
Begin MonoManager ReloadAssembly
Native extension for WindowsStandalone target not found
Refreshing native plugins compatible for Editor in 1.41 ms, found 4 plugins.
Preloading 0 native plugins for Editor in 0.00 ms.
Mono: successfully reloaded assembly
- Completed reload, in  7.145 seconds
Domain Reload Profiling:
	ReloadAssembly (7147ms)
		BeginReloadAssembly (220ms)
			ExecutionOrderSort (0ms)
			DisableScriptedObjects (11ms)
			BackupInstance (0ms)
			ReleaseScriptingObjects (0ms)
			CreateAndSetChildDomain (57ms)
		EndReloadAssembly (6758ms)
			LoadAssemblies (144ms)
			RebuildTransferFunctionScriptingTraits (0ms)
			SetupTypeCache (389ms)
			ReleaseScriptCaches (5ms)
			RebuildScriptCaches (146ms)
			SetupLoadedEditorAssemblies (4603ms)
				LogAssemblyErrors (0ms)
				InitializePlatformSupportModulesInManaged (25ms)
				SetLoadedEditorAssemblies (1ms)
				RefreshPlugins (2ms)
				BeforeProcessingInitializeOnLoad (370ms)
				ProcessInitializeOnLoadAttributes (3745ms)
				ProcessInitializeOnLoadMethodAttributes (388ms)
				AfterProcessingInitializeOnLoad (72ms)
				EditorAssembliesLoaded (1ms)
			ExecutionOrderSort2 (0ms)
			AwakeInstancesAfterBackupRestoration (62ms)
Platform modules already initialized, skipping
Switching build target platform(19) subTarget(0) extendedPlatform(0) -> platform(13) subTarget(0) extendedPlatform(0)
Refreshing native plugins compatible for Editor in 2.29 ms, found 4 plugins.
Preloading 0 native plugins for Editor in 0.00 ms.
Unloading 1892 Unused Serialized files (Serialized files now loaded: 0)
Unloading 42 unused Assets / (6.7 MB). Loaded Objects now: 2572.
Memory consumption went from 116.7 MB to 110.0 MB.
Total: 55.054700 ms (FindLiveObjects: 1.008500 ms CreateObjectMapping: 2.440700 ms MarkObjects: 45.295600 ms  DeleteObjects: 6.302900 ms)

AssetImportParameters requested are different than current active one (requested -> active):
  custom:video-decoder-ogg-theora: a1e56fd34408186e4bbccfd4996cb3dc -> 
  custom:container-muxer-webm: aa71ff27fc2769a1b78a27578f13a17b -> 
  custom:container-demuxer-webm: 4f35f7cbe854078d1ac9338744f61a02 -> 
  custom:video-encoder-webm-vp8: eb34c28f22e8b96e1ab97ce403110664 -> 
  custom:audio-encoder-webm-vorbis: bf7c407c2cedff20999df2af8eb42d56 -> 
  custom:framework-win-MediaFoundation: 216162199b28c13a410421893ffa2e32 -> 
  custom:container-demuxer-ogg: 62fdf1f143b41e24485cea50d1cbac27 -> 
  custom:video-decoder-webm-vp8: 9c59270c3fd7afecdb556c50c9e8de78 -> 
  custom:audio-decoder-ogg-vorbis: bf7c407c2cedff20999df2af8eb42d56 -> 
